<?xml version="1.0" encoding="UTF-8"?>
<!-- Generated by org.testng.reporters.JUnitReportReporter -->
<testsuite hostname="NIKITA" failures="0" tests="1" name="tpolab11.test.BaseTest" time="4.091" errors="0" timestamp="2023-12-01T16:42:39 MSK" skipped="0">
  <testcase classname="tpolab11.test.BaseTest" name="isMainPageOpened" time="4.091"/>
  <system-out/>
</testsuite> <!-- tpolab11.test.BaseTest -->
