<?xml version="1.0" encoding="UTF-8"?>
<!-- Generated by org.testng.reporters.JUnitReportReporter -->
<testsuite hostname="NIKITA" failures="0" tests="1" name="tpolab11.test.BaseTest" time="2.585" errors="0" timestamp="2023-12-01T18:55:42 MSK" skipped="0">
  <testcase classname="tpolab11.test.BaseTest" name="isMainPageOpened" time="2.585"/>
  <system-out/>
</testsuite> <!-- tpolab11.test.BaseTest -->
