<?xml version="1.0" encoding="UTF-8"?>
<!-- Generated by org.testng.reporters.JUnitReportReporter -->
<testsuite hostname="NIKITA" failures="0" tests="1" name="tpolab11.test.FindMatchTest" time="4.907" errors="0" timestamp="2023-12-01T18:45:14 MSK" skipped="0">
  <testcase classname="tpolab11.test.FindMatchTest" name="isTestFound" time="4.907"/>
  <system-out/>
</testsuite> <!-- tpolab11.test.FindMatchTest -->
