<?xml version="1.0" encoding="UTF-8"?>
<!-- Generated by org.testng.reporters.JUnitReportReporter -->
<testsuite hostname="NIKITA" failures="0" tests="1" name="tpolab11.test.InfoAboutHeroTest" time="3.584" errors="0" timestamp="2023-12-01T18:45:14 MSK" skipped="0">
  <testcase classname="tpolab11.test.InfoAboutHeroTest" name="CheckInfoAboutHeroes" time="3.584"/>
  <system-out/>
</testsuite> <!-- tpolab11.test.InfoAboutHeroTest -->
